<?xml version="1.0" encoding="UTF-8"?>
<testsuite name="org.example.LibraryTest" tests="1" skipped="0" failures="0" errors="0" timestamp="2025-09-17T17:02:58" hostname="wuilmerj24-pc" time="0.011">
  <properties/>
  <testcase name="someLibraryMethodReturnsTrue()" classname="org.example.LibraryTest" time="0.011"/>
  <system-out><![CDATA[]]></system-out>
  <system-err><![CDATA[]]></system-err>
</testsuite>
